2021-05-27T21:11:51.854+0800	INFO	Bootstrapping SwEntry.	{"entryName": "greeter-sw", "entryType": "GinSwEntry", "jsonPath": "docs", "path": "/sw/", "port": 8080}
2021-05-27T21:11:51.854+0800	INFO	Bootstrapping promEntry.	{"entryName": "greeter-prom", "entryType": "GinPromEntry", "entryDescription": "Internal RK entry which implements prometheus client with Gin framework.", "path": "/metrics", "port": 8080}
2021-05-27T21:11:51.854+0800	INFO	Bootstrapping CommonServiceEntry.	{"entryName": "greeter-commonService", "entryType": "GinCommonServiceEntry"}
2021-05-27T21:11:51.855+0800	INFO	Bootstrapping tvEntry.	{"entryName": "greeter-tv", "entryType": "GinTvEntry", "path": "/rk/v1/tv/*item"}
2021-05-27T21:11:51.855+0800	INFO	Bootstrapping GinEntry.	{"entryName": "greeter", "entryType": "GinEntry", "port": 8080, "interceptorsCount": 5, "swEnabled": true, "tlsEnabled": true, "commonServiceEnabled": true, "tvEnabled": true, "swPath": "/sw/", "promPath": "/metrics", "promPort": 8080}
2021-05-27T21:12:03.227+0800	INFO	Interrupting SwEntry.	{"entryName": "greeter-sw", "entryType": "GinSwEntry", "jsonPath": "docs", "path": "/sw/", "port": 8080}
2021-05-27T21:12:03.227+0800	INFO	Interrupting promEntry.	{"entryName": "greeter-prom", "entryType": "GinPromEntry", "entryDescription": "Internal RK entry which implements prometheus client with Gin framework.", "path": "/metrics", "port": 8080}
2021-05-27T21:12:03.227+0800	INFO	Interrupting CommonServiceEntry.	{"entryName": "greeter-commonService", "entryType": "GinCommonServiceEntry"}
2021-05-27T21:12:03.227+0800	INFO	Interrupting TvEntry.	{"entryName": "greeter-tv", "entryType": "GinTvEntry"}
2021-05-27T21:12:03.227+0800	INFO	Interrupting GinEntry.	{"entryName": "greeter", "entryType": "GinEntry", "port": 8080, "interceptorsCount": 5, "swEnabled": true, "tlsEnabled": true, "commonServiceEnabled": true, "tvEnabled": true, "swPath": "/sw/", "promPath": "/metrics", "promPort": 8080}
2021-05-27T21:12:56.268+0800	INFO	Bootstrapping SwEntry.	{"entryName": "greeter-sw", "entryType": "GinSwEntry", "jsonPath": "docs", "path": "/sw/", "port": 8080}
2021-05-27T21:12:56.268+0800	INFO	Bootstrapping promEntry.	{"entryName": "greeter-prom", "entryType": "GinPromEntry", "entryDescription": "Internal RK entry which implements prometheus client with Gin framework.", "path": "/metrics", "port": 8080}
2021-05-27T21:12:56.269+0800	INFO	Bootstrapping CommonServiceEntry.	{"entryName": "greeter-commonService", "entryType": "GinCommonServiceEntry"}
2021-05-27T21:12:56.270+0800	INFO	Bootstrapping tvEntry.	{"entryName": "greeter-tv", "entryType": "GinTvEntry", "path": "/rk/v1/tv/*item"}
2021-05-27T21:12:56.270+0800	INFO	Bootstrapping GinEntry.	{"entryName": "greeter", "entryType": "GinEntry", "port": 8080, "interceptorsCount": 5, "swEnabled": true, "tlsEnabled": true, "commonServiceEnabled": true, "tvEnabled": true, "swPath": "/sw/", "promPath": "/metrics", "promPort": 8080}
2021-05-27T21:14:22.320+0800	INFO	Interrupting SwEntry.	{"entryName": "greeter-sw", "entryType": "GinSwEntry", "jsonPath": "docs", "path": "/sw/", "port": 8080}
2021-05-27T21:14:22.320+0800	INFO	Interrupting promEntry.	{"entryName": "greeter-prom", "entryType": "GinPromEntry", "entryDescription": "Internal RK entry which implements prometheus client with Gin framework.", "path": "/metrics", "port": 8080}
2021-05-27T21:14:22.320+0800	INFO	Interrupting CommonServiceEntry.	{"entryName": "greeter-commonService", "entryType": "GinCommonServiceEntry"}
2021-05-27T21:14:22.320+0800	INFO	Interrupting TvEntry.	{"entryName": "greeter-tv", "entryType": "GinTvEntry"}
2021-05-27T21:14:22.321+0800	INFO	Interrupting GinEntry.	{"entryName": "greeter", "entryType": "GinEntry", "port": 8080, "interceptorsCount": 5, "swEnabled": true, "tlsEnabled": true, "commonServiceEnabled": true, "tvEnabled": true, "swPath": "/sw/", "promPath": "/metrics", "promPort": 8080}
2021-05-27T21:14:55.254+0800	INFO	Bootstrapping SwEntry.	{"entryName": "greeter-sw", "entryType": "GinSwEntry", "jsonPath": "docs", "path": "/sw/", "port": 8080}
2021-05-27T21:14:55.255+0800	INFO	Bootstrapping promEntry.	{"entryName": "greeter-prom", "entryType": "GinPromEntry", "entryDescription": "Internal RK entry which implements prometheus client with Gin framework.", "path": "/metrics", "port": 8080}
2021-05-27T21:14:55.255+0800	INFO	Bootstrapping CommonServiceEntry.	{"entryName": "greeter-commonService", "entryType": "GinCommonServiceEntry"}
2021-05-27T21:14:55.257+0800	INFO	Bootstrapping tvEntry.	{"entryName": "greeter-tv", "entryType": "GinTvEntry", "path": "/rk/v1/tv/*item"}
2021-05-27T21:14:55.257+0800	INFO	Bootstrapping GinEntry.	{"entryName": "greeter", "entryType": "GinEntry", "port": 8080, "interceptorsCount": 5, "swEnabled": true, "tlsEnabled": true, "commonServiceEnabled": true, "tvEnabled": true, "swPath": "/sw/", "promPath": "/metrics", "promPort": 8080}
2021-05-27T21:15:42.944+0800	INFO	Interrupting SwEntry.	{"entryName": "greeter-sw", "entryType": "GinSwEntry", "jsonPath": "docs", "path": "/sw/", "port": 8080}
2021-05-27T21:15:42.944+0800	INFO	Interrupting promEntry.	{"entryName": "greeter-prom", "entryType": "GinPromEntry", "entryDescription": "Internal RK entry which implements prometheus client with Gin framework.", "path": "/metrics", "port": 8080}
2021-05-27T21:15:42.944+0800	INFO	Interrupting CommonServiceEntry.	{"entryName": "greeter-commonService", "entryType": "GinCommonServiceEntry"}
2021-05-27T21:15:42.944+0800	INFO	Interrupting TvEntry.	{"entryName": "greeter-tv", "entryType": "GinTvEntry"}
2021-05-27T21:15:42.945+0800	INFO	Interrupting GinEntry.	{"entryName": "greeter", "entryType": "GinEntry", "port": 8080, "interceptorsCount": 5, "swEnabled": true, "tlsEnabled": true, "commonServiceEnabled": true, "tvEnabled": true, "swPath": "/sw/", "promPath": "/metrics", "promPort": 8080}
2021-05-27T21:16:40.609+0800	INFO	Bootstrapping SwEntry.	{"entryName": "greeter-sw", "entryType": "GinSwEntry", "jsonPath": "docs", "path": "/sw/", "port": 8080}
2021-05-27T21:16:40.610+0800	INFO	Bootstrapping promEntry.	{"entryName": "greeter-prom", "entryType": "GinPromEntry", "entryDescription": "Internal RK entry which implements prometheus client with Gin framework.", "path": "/metrics", "port": 8080}
2021-05-27T21:16:40.610+0800	INFO	Bootstrapping CommonServiceEntry.	{"entryName": "greeter-commonService", "entryType": "GinCommonServiceEntry"}
2021-05-27T21:16:40.611+0800	INFO	Bootstrapping tvEntry.	{"entryName": "greeter-tv", "entryType": "GinTvEntry", "path": "/rk/v1/tv/*item"}
2021-05-27T21:16:40.611+0800	INFO	Bootstrapping GinEntry.	{"entryName": "greeter", "entryType": "GinEntry", "port": 8080, "interceptorsCount": 5, "swEnabled": true, "tlsEnabled": true, "commonServiceEnabled": true, "tvEnabled": true, "swPath": "/sw/", "promPath": "/metrics", "promPort": 8080}
2021-05-27T21:16:48.262+0800	INFO	Interrupting SwEntry.	{"entryName": "greeter-sw", "entryType": "GinSwEntry", "jsonPath": "docs", "path": "/sw/", "port": 8080}
2021-05-27T21:16:48.262+0800	INFO	Interrupting promEntry.	{"entryName": "greeter-prom", "entryType": "GinPromEntry", "entryDescription": "Internal RK entry which implements prometheus client with Gin framework.", "path": "/metrics", "port": 8080}
2021-05-27T21:16:48.262+0800	INFO	Interrupting CommonServiceEntry.	{"entryName": "greeter-commonService", "entryType": "GinCommonServiceEntry"}
2021-05-27T21:16:48.262+0800	INFO	Interrupting TvEntry.	{"entryName": "greeter-tv", "entryType": "GinTvEntry"}
2021-05-27T21:16:48.262+0800	INFO	Interrupting GinEntry.	{"entryName": "greeter", "entryType": "GinEntry", "port": 8080, "interceptorsCount": 5, "swEnabled": true, "tlsEnabled": true, "commonServiceEnabled": true, "tvEnabled": true, "swPath": "/sw/", "promPath": "/metrics", "promPort": 8080}
2021-05-27T21:18:37.461+0800	INFO	Bootstrapping SwEntry.	{"entryName": "greeter-sw", "entryType": "GinSwEntry", "jsonPath": "docs", "path": "/sw/", "port": 8080}
2021-05-27T21:18:37.462+0800	INFO	Bootstrapping promEntry.	{"entryName": "greeter-prom", "entryType": "GinPromEntry", "entryDescription": "Internal RK entry which implements prometheus client with Gin framework.", "path": "/metrics", "port": 8080}
2021-05-27T21:18:37.462+0800	INFO	Bootstrapping CommonServiceEntry.	{"entryName": "greeter-commonService", "entryType": "GinCommonServiceEntry"}
2021-05-27T21:18:37.463+0800	INFO	Bootstrapping tvEntry.	{"entryName": "greeter-tv", "entryType": "GinTvEntry", "path": "/rk/v1/tv/*item"}
2021-05-27T21:18:37.463+0800	INFO	Bootstrapping GinEntry.	{"entryName": "greeter", "entryType": "GinEntry", "port": 8080, "interceptorsCount": 5, "swEnabled": true, "tlsEnabled": true, "commonServiceEnabled": true, "tvEnabled": true, "swPath": "/sw/", "promPath": "/metrics", "promPort": 8080}
2021-05-27T21:18:48.629+0800	INFO	Interrupting SwEntry.	{"entryName": "greeter-sw", "entryType": "GinSwEntry", "jsonPath": "docs", "path": "/sw/", "port": 8080}
2021-05-27T21:18:48.629+0800	INFO	Interrupting promEntry.	{"entryName": "greeter-prom", "entryType": "GinPromEntry", "entryDescription": "Internal RK entry which implements prometheus client with Gin framework.", "path": "/metrics", "port": 8080}
2021-05-27T21:18:48.629+0800	INFO	Interrupting CommonServiceEntry.	{"entryName": "greeter-commonService", "entryType": "GinCommonServiceEntry"}
2021-05-27T21:18:48.629+0800	INFO	Interrupting TvEntry.	{"entryName": "greeter-tv", "entryType": "GinTvEntry"}
2021-05-27T21:18:48.629+0800	INFO	Interrupting GinEntry.	{"entryName": "greeter", "entryType": "GinEntry", "port": 8080, "interceptorsCount": 5, "swEnabled": true, "tlsEnabled": true, "commonServiceEnabled": true, "tvEnabled": true, "swPath": "/sw/", "promPath": "/metrics", "promPort": 8080}
2021-05-27T21:19:33.050+0800	INFO	Bootstrapping SwEntry.	{"entryName": "greeter-sw", "entryType": "GinSwEntry", "jsonPath": "docs", "path": "/sw/", "port": 8080}
2021-05-27T21:19:33.051+0800	INFO	Bootstrapping promEntry.	{"entryName": "greeter-prom", "entryType": "GinPromEntry", "entryDescription": "Internal RK entry which implements prometheus client with Gin framework.", "path": "/metrics", "port": 8080}
2021-05-27T21:19:33.051+0800	INFO	Bootstrapping CommonServiceEntry.	{"entryName": "greeter-commonService", "entryType": "GinCommonServiceEntry"}
2021-05-27T21:19:33.052+0800	INFO	Bootstrapping tvEntry.	{"entryName": "greeter-tv", "entryType": "GinTvEntry", "path": "/rk/v1/tv/*item"}
2021-05-27T21:19:33.052+0800	INFO	Bootstrapping GinEntry.	{"entryName": "greeter", "entryType": "GinEntry", "port": 8080, "interceptorsCount": 5, "swEnabled": true, "tlsEnabled": true, "commonServiceEnabled": true, "tvEnabled": true, "swPath": "/sw/", "promPath": "/metrics", "promPort": 8080}
2021-05-27T21:25:48.114+0800	INFO	Interrupting SwEntry.	{"entryName": "greeter-sw", "entryType": "GinSwEntry", "jsonPath": "docs", "path": "/sw/", "port": 8080}
2021-05-27T21:25:48.114+0800	INFO	Interrupting promEntry.	{"entryName": "greeter-prom", "entryType": "GinPromEntry", "entryDescription": "Internal RK entry which implements prometheus client with Gin framework.", "path": "/metrics", "port": 8080}
2021-05-27T21:25:48.114+0800	INFO	Interrupting CommonServiceEntry.	{"entryName": "greeter-commonService", "entryType": "GinCommonServiceEntry"}
2021-05-27T21:25:48.114+0800	INFO	Interrupting TvEntry.	{"entryName": "greeter-tv", "entryType": "GinTvEntry"}
2021-05-27T21:25:48.114+0800	INFO	Interrupting GinEntry.	{"entryName": "greeter", "entryType": "GinEntry", "port": 8080, "interceptorsCount": 5, "swEnabled": true, "tlsEnabled": true, "commonServiceEnabled": true, "tvEnabled": true, "swPath": "/sw/", "promPath": "/metrics", "promPort": 8080}
2021-05-27T21:27:13.458+0800	INFO	Bootstrapping SwEntry.	{"entryName": "greeter-sw", "entryType": "GinSwEntry", "jsonPath": "docs", "path": "/sw/", "port": 8080}
2021-05-27T21:27:13.459+0800	INFO	Bootstrapping promEntry.	{"entryName": "greeter-prom", "entryType": "GinPromEntry", "entryDescription": "Internal RK entry which implements prometheus client with Gin framework.", "path": "/metrics", "port": 8080}
2021-05-27T21:27:13.459+0800	INFO	Bootstrapping CommonServiceEntry.	{"entryName": "greeter-commonService", "entryType": "GinCommonServiceEntry"}
2021-05-27T21:27:13.460+0800	INFO	Bootstrapping tvEntry.	{"entryName": "greeter-tv", "entryType": "GinTvEntry", "path": "/rk/v1/tv/*item"}
2021-05-27T21:27:13.460+0800	INFO	Bootstrapping GinEntry.	{"entryName": "greeter", "entryType": "GinEntry", "port": 8080, "interceptorsCount": 5, "swEnabled": true, "tlsEnabled": true, "commonServiceEnabled": true, "tvEnabled": true, "swPath": "/sw/", "promPath": "/metrics", "promPort": 8080}
2021-05-27T21:27:41.230+0800	INFO	Interrupting SwEntry.	{"entryName": "greeter-sw", "entryType": "GinSwEntry", "jsonPath": "docs", "path": "/sw/", "port": 8080}
2021-05-27T21:27:41.230+0800	INFO	Interrupting promEntry.	{"entryName": "greeter-prom", "entryType": "GinPromEntry", "entryDescription": "Internal RK entry which implements prometheus client with Gin framework.", "path": "/metrics", "port": 8080}
2021-05-27T21:27:41.230+0800	INFO	Interrupting CommonServiceEntry.	{"entryName": "greeter-commonService", "entryType": "GinCommonServiceEntry"}
2021-05-27T21:27:41.230+0800	INFO	Interrupting TvEntry.	{"entryName": "greeter-tv", "entryType": "GinTvEntry"}
2021-05-27T21:27:41.230+0800	INFO	Interrupting GinEntry.	{"entryName": "greeter", "entryType": "GinEntry", "port": 8080, "interceptorsCount": 5, "swEnabled": true, "tlsEnabled": true, "commonServiceEnabled": true, "tvEnabled": true, "swPath": "/sw/", "promPath": "/metrics", "promPort": 8080}
2021-05-27T21:33:19.883+0800	INFO	Bootstrapping SwEntry.	{"entryName": "greeter-sw", "entryType": "GinSwEntry", "jsonPath": "docs", "path": "/sw/", "port": 8080}
2021-05-27T21:33:19.885+0800	INFO	Bootstrapping promEntry.	{"entryName": "greeter-prom", "entryType": "GinPromEntry", "entryDescription": "Internal RK entry which implements prometheus client with Gin framework.", "path": "/metrics", "port": 8080}
2021-05-27T21:33:19.885+0800	INFO	Bootstrapping CommonServiceEntry.	{"entryName": "greeter-commonService", "entryType": "GinCommonServiceEntry"}
2021-05-27T21:33:19.886+0800	INFO	Bootstrapping tvEntry.	{"entryName": "greeter-tv", "entryType": "GinTvEntry", "path": "/rk/v1/tv/*item"}
2021-05-27T21:33:19.886+0800	INFO	Bootstrapping GinEntry.	{"entryName": "greeter", "entryType": "GinEntry", "port": 8080, "interceptorsCount": 5, "swEnabled": true, "tlsEnabled": true, "commonServiceEnabled": true, "tvEnabled": true, "swPath": "/sw/", "promPath": "/metrics", "promPort": 8080}
2021-05-27T21:34:10.947+0800	INFO	Interrupting SwEntry.	{"entryName": "greeter-sw", "entryType": "GinSwEntry", "jsonPath": "docs", "path": "/sw/", "port": 8080}
2021-05-27T21:34:10.947+0800	INFO	Interrupting promEntry.	{"entryName": "greeter-prom", "entryType": "GinPromEntry", "entryDescription": "Internal RK entry which implements prometheus client with Gin framework.", "path": "/metrics", "port": 8080}
2021-05-27T21:34:10.947+0800	INFO	Interrupting CommonServiceEntry.	{"entryName": "greeter-commonService", "entryType": "GinCommonServiceEntry"}
2021-05-27T21:34:10.948+0800	INFO	Interrupting TvEntry.	{"entryName": "greeter-tv", "entryType": "GinTvEntry"}
2021-05-27T21:34:10.948+0800	INFO	Interrupting GinEntry.	{"entryName": "greeter", "entryType": "GinEntry", "port": 8080, "interceptorsCount": 5, "swEnabled": true, "tlsEnabled": true, "commonServiceEnabled": true, "tvEnabled": true, "swPath": "/sw/", "promPath": "/metrics", "promPort": 8080}
2021-05-27T21:35:50.429+0800	INFO	Bootstrapping SwEntry.	{"entryName": "greeter-sw", "entryType": "GinSwEntry", "jsonPath": "docs", "path": "/sw/", "port": 8080}
2021-05-27T21:35:50.430+0800	INFO	Bootstrapping promEntry.	{"entryName": "greeter-prom", "entryType": "GinPromEntry", "entryDescription": "Internal RK entry which implements prometheus client with Gin framework.", "path": "/metrics", "port": 8080}
2021-05-27T21:35:50.430+0800	INFO	Bootstrapping CommonServiceEntry.	{"entryName": "greeter-commonService", "entryType": "GinCommonServiceEntry"}
2021-05-27T21:35:50.431+0800	INFO	Bootstrapping tvEntry.	{"entryName": "greeter-tv", "entryType": "GinTvEntry", "path": "/rk/v1/tv/*item"}
2021-05-27T21:35:50.431+0800	INFO	Bootstrapping GinEntry.	{"entryName": "greeter", "entryType": "GinEntry", "port": 8080, "interceptorsCount": 5, "swEnabled": true, "tlsEnabled": true, "commonServiceEnabled": true, "tvEnabled": true, "swPath": "/sw/", "promPath": "/metrics", "promPort": 8080}
2021-05-27T21:36:26.568+0800	INFO	Interrupting SwEntry.	{"entryName": "greeter-sw", "entryType": "GinSwEntry", "jsonPath": "docs", "path": "/sw/", "port": 8080}
2021-05-27T21:36:26.568+0800	INFO	Interrupting promEntry.	{"entryName": "greeter-prom", "entryType": "GinPromEntry", "entryDescription": "Internal RK entry which implements prometheus client with Gin framework.", "path": "/metrics", "port": 8080}
2021-05-27T21:36:26.568+0800	INFO	Interrupting CommonServiceEntry.	{"entryName": "greeter-commonService", "entryType": "GinCommonServiceEntry"}
2021-05-27T21:36:26.568+0800	INFO	Interrupting TvEntry.	{"entryName": "greeter-tv", "entryType": "GinTvEntry"}
2021-05-27T21:36:26.568+0800	INFO	Interrupting GinEntry.	{"entryName": "greeter", "entryType": "GinEntry", "port": 8080, "interceptorsCount": 5, "swEnabled": true, "tlsEnabled": true, "commonServiceEnabled": true, "tvEnabled": true, "swPath": "/sw/", "promPath": "/metrics", "promPort": 8080}
